Determining if the system is big endian passed with the following output:
Change Dir: /u/s/h/sharath/private/cs739/snappy/build/CMakeFiles/CMakeTmp

Run Build Command:"/usr/bin/make" "cmTC_c70fa/fast"
/usr/bin/make -f CMakeFiles/cmTC_c70fa.dir/build.make CMakeFiles/cmTC_c70fa.dir/build
make[1]: Entering directory '/afs/cs.wisc.edu/u/s/h/sharath/private/cs739/snappy/build/CMakeFiles/CMakeTmp'
Building C object CMakeFiles/cmTC_c70fa.dir/TestEndianess.c.o
/usr/bin/cc     -o CMakeFiles/cmTC_c70fa.dir/TestEndianess.c.o   -c /u/s/h/sharath/private/cs739/snappy/build/CMakeFiles/CMakeTmp/TestEndianess.c
Linking C executable cmTC_c70fa
/usr/bin/cmake -E cmake_link_script CMakeFiles/cmTC_c70fa.dir/link.txt --verbose=1
/usr/bin/cc       CMakeFiles/cmTC_c70fa.dir/TestEndianess.c.o  -o cmTC_c70fa -rdynamic 
make[1]: Leaving directory '/afs/cs.wisc.edu/u/s/h/sharath/private/cs739/snappy/build/CMakeFiles/CMakeTmp'

TestEndianess.c:
/* A 16 bit integer is required. */
typedef unsigned short cmakeint16;

/* On a little endian machine, these 16bit ints will give "THIS IS LITTLE ENDIAN."
   On a big endian machine the characters will be exchanged pairwise. */
const cmakeint16 info_little[] =  {0x4854, 0x5349, 0x4920, 0x2053, 0x494c, 0x5454, 0x454c, 0x4520, 0x444e, 0x4149, 0x2e4e, 0x0000};

/* on a big endian machine, these 16bit ints will give "THIS IS BIG ENDIAN."
   On a little endian machine the characters will be exchanged pairwise. */
const cmakeint16 info_big[] =     {0x5448, 0x4953, 0x2049, 0x5320, 0x4249, 0x4720, 0x454e, 0x4449, 0x414e, 0x2e2e, 0x0000};

#ifdef __CLASSIC_C__
int main(argc, argv) int argc; char *argv[];
#else
int main(int argc, char *argv[])
#endif
{
  int require = 0;
  require += info_little[argc];
  require += info_big[argc];
  (void)argv;
  return require;
}


Determining if the include file sys/endian.h exists failed with the following output:
Change Dir: /u/s/h/sharath/private/cs739/snappy/build/CMakeFiles/CMakeTmp

Run Build Command:"/usr/bin/make" "cmTC_6f152/fast"
/usr/bin/make -f CMakeFiles/cmTC_6f152.dir/build.make CMakeFiles/cmTC_6f152.dir/build
make[1]: Entering directory '/afs/cs.wisc.edu/u/s/h/sharath/private/cs739/snappy/build/CMakeFiles/CMakeTmp'
Building C object CMakeFiles/cmTC_6f152.dir/CheckIncludeFile.c.o
/usr/bin/cc     -o CMakeFiles/cmTC_6f152.dir/CheckIncludeFile.c.o   -c /u/s/h/sharath/private/cs739/snappy/build/CMakeFiles/CMakeTmp/CheckIncludeFile.c
/u/s/h/sharath/private/cs739/snappy/build/CMakeFiles/CMakeTmp/CheckIncludeFile.c:1:24: fatal error: sys/endian.h: No such file or directory
compilation terminated.
CMakeFiles/cmTC_6f152.dir/build.make:65: recipe for target 'CMakeFiles/cmTC_6f152.dir/CheckIncludeFile.c.o' failed
make[1]: *** [CMakeFiles/cmTC_6f152.dir/CheckIncludeFile.c.o] Error 1
make[1]: Leaving directory '/afs/cs.wisc.edu/u/s/h/sharath/private/cs739/snappy/build/CMakeFiles/CMakeTmp'
Makefile:126: recipe for target 'cmTC_6f152/fast' failed
make: *** [cmTC_6f152/fast] Error 2


Determining if the include file windows.h exists failed with the following output:
Change Dir: /u/s/h/sharath/private/cs739/snappy/build/CMakeFiles/CMakeTmp

Run Build Command:"/usr/bin/make" "cmTC_02ae7/fast"
/usr/bin/make -f CMakeFiles/cmTC_02ae7.dir/build.make CMakeFiles/cmTC_02ae7.dir/build
make[1]: Entering directory '/afs/cs.wisc.edu/u/s/h/sharath/private/cs739/snappy/build/CMakeFiles/CMakeTmp'
Building C object CMakeFiles/cmTC_02ae7.dir/CheckIncludeFile.c.o
/usr/bin/cc     -o CMakeFiles/cmTC_02ae7.dir/CheckIncludeFile.c.o   -c /u/s/h/sharath/private/cs739/snappy/build/CMakeFiles/CMakeTmp/CheckIncludeFile.c
/u/s/h/sharath/private/cs739/snappy/build/CMakeFiles/CMakeTmp/CheckIncludeFile.c:1:21: fatal error: windows.h: No such file or directory
compilation terminated.
CMakeFiles/cmTC_02ae7.dir/build.make:65: recipe for target 'CMakeFiles/cmTC_02ae7.dir/CheckIncludeFile.c.o' failed
make[1]: *** [CMakeFiles/cmTC_02ae7.dir/CheckIncludeFile.c.o] Error 1
make[1]: Leaving directory '/afs/cs.wisc.edu/u/s/h/sharath/private/cs739/snappy/build/CMakeFiles/CMakeTmp'
Makefile:126: recipe for target 'cmTC_02ae7/fast' failed
make: *** [cmTC_02ae7/fast] Error 2


Determining if the function lzo1x_1_15_compress exists in the lzo2 failed with the following output:
Change Dir: /u/s/h/sharath/private/cs739/snappy/build/CMakeFiles/CMakeTmp

Run Build Command:"/usr/bin/make" "cmTC_203b7/fast"
/usr/bin/make -f CMakeFiles/cmTC_203b7.dir/build.make CMakeFiles/cmTC_203b7.dir/build
make[1]: Entering directory '/afs/cs.wisc.edu/u/s/h/sharath/private/cs739/snappy/build/CMakeFiles/CMakeTmp'
Building C object CMakeFiles/cmTC_203b7.dir/CheckFunctionExists.c.o
/usr/bin/cc    -DCHECK_FUNCTION_EXISTS=lzo1x_1_15_compress   -o CMakeFiles/cmTC_203b7.dir/CheckFunctionExists.c.o   -c /usr/share/cmake-3.5/Modules/CheckFunctionExists.c
Linking C executable cmTC_203b7
/usr/bin/cmake -E cmake_link_script CMakeFiles/cmTC_203b7.dir/link.txt --verbose=1
/usr/bin/cc   -DCHECK_FUNCTION_EXISTS=lzo1x_1_15_compress    CMakeFiles/cmTC_203b7.dir/CheckFunctionExists.c.o  -o cmTC_203b7 -rdynamic -llzo2 
/usr/bin/ld: cannot find -llzo2
collect2: error: ld returned 1 exit status
CMakeFiles/cmTC_203b7.dir/build.make:97: recipe for target 'cmTC_203b7' failed
make[1]: *** [cmTC_203b7] Error 1
make[1]: Leaving directory '/afs/cs.wisc.edu/u/s/h/sharath/private/cs739/snappy/build/CMakeFiles/CMakeTmp'
Makefile:126: recipe for target 'cmTC_203b7/fast' failed
make: *** [cmTC_203b7/fast] Error 2


